[  0%] Built target _arm_control_generate_messages_check_deps_SetJointGoal
[  0%] Built target _arm_control_generate_messages_check_deps_SetJointFeedback
[  0%] Built target actionlib_msgs_generate_messages_cpp
[  0%] Built target std_msgs_generate_messages_cpp
[  0%] Built target _arm_control_generate_messages_check_deps_SetPoseResult
[  0%] Built target _arm_control_generate_messages_check_deps_SetJointActionFeedback
[  0%] Built target _arm_control_generate_messages_check_deps_SetPoseActionFeedback
[  0%] Built target _arm_control_generate_messages_check_deps_SetPoseActionGoal
[  0%] Built target _arm_control_generate_messages_check_deps_SetJointActionResult
[  0%] Built target _arm_control_generate_messages_check_deps_SetJointActionGoal
[  0%] Built target trajectory_msgs_generate_messages_cpp
[  0%] Built target geometry_msgs_generate_messages_cpp
[  0%] Built target control_msgs_generate_messages_cpp
[  0%] Built target _arm_control_generate_messages_check_deps_SetJointResult
[  0%] Built target _arm_control_generate_messages_check_deps_SetPoseFeedback
[  0%] Built target _arm_control_generate_messages_check_deps_SolveIKPose
[  0%] Built target _arm_control_generate_messages_check_deps_Pose
[  0%] Built target _arm_control_generate_messages_check_deps_SetPoseAction
[  0%] Built target _arm_control_generate_messages_check_deps_SetPoseActionResult
[  0%] Built target _arm_control_generate_messages_check_deps_SetPoseGoal
[  0%] Built target _arm_control_generate_messages_check_deps_SetJointAction
[  0%] Built target geometry_msgs_generate_messages_eus
[  0%] Built target _arm_control_generate_messages_check_deps_SolveFKPose
[  0%] Built target trajectory_msgs_generate_messages_eus
[  0%] Built target std_msgs_generate_messages_eus
[  0%] Built target actionlib_msgs_generate_messages_eus
[  0%] Built target std_msgs_generate_messages_py
[  0%] Built target control_msgs_generate_messages_eus
[  0%] Built target actionlib_msgs_generate_messages_py
[  0%] Built target control_msgs_generate_messages_py
[  0%] Built target geometry_msgs_generate_messages_py
[  0%] Built target trajectory_msgs_generate_messages_py
[  0%] Built target trajectory_msgs_generate_messages_nodejs
[  0%] Built target std_msgs_generate_messages_nodejs
[  0%] Built target actionlib_msgs_generate_messages_nodejs
[  0%] Built target geometry_msgs_generate_messages_nodejs
[  0%] Built target control_msgs_generate_messages_nodejs
[  0%] Built target std_msgs_generate_messages_lisp
[  0%] Built target actionlib_msgs_generate_messages_lisp
[  0%] Built target control_msgs_generate_messages_lisp
[  0%] Built target geometry_msgs_generate_messages_lisp
[  0%] Built target trajectory_msgs_generate_messages_lisp
[  5%] Built target move_circle
[ 19%] Built target arm_control_generate_messages_cpp
[ 56%] Built target arm_control_generate_messages_py
[ 57%] Built target arm_control_generate_messages_eus
[ 75%] Built target arm_control_generate_messages_nodejs
[ 93%] Built target arm_control_generate_messages_lisp
[ 95%] Built target joint_action_server
[ 97%] Built target pose_action_server
[100%] Built target ik_solver
[100%] Built target arm_control_generate_messages
