Linked: (/home/ubuntupc/ws_moveit/devel/.private/arm_control/share/common-lisp/ros/arm_control/srv/_package_SolveFKPose.lisp, /home/ubuntupc/ws_moveit/devel/share/common-lisp/ros/arm_control/srv/_package_SolveFKPose.lisp)
Linked: (/home/ubuntupc/ws_moveit/devel/.private/arm_control/share/common-lisp/ros/arm_control/srv/arm_control-srv.asd, /home/ubuntupc/ws_moveit/devel/share/common-lisp/ros/arm_control/srv/arm_control-srv.asd)
Linked: (/home/ubuntupc/ws_moveit/devel/.private/arm_control/share/common-lisp/ros/arm_control/srv/_package.lisp, /home/ubuntupc/ws_moveit/devel/share/common-lisp/ros/arm_control/srv/_package.lisp)
Linked: (/home/ubuntupc/ws_moveit/devel/.private/arm_control/share/common-lisp/ros/arm_control/srv/_package_SolveIKPose.lisp, /home/ubuntupc/ws_moveit/devel/share/common-lisp/ros/arm_control/srv/_package_SolveIKPose.lisp)
Linked: (/home/ubuntupc/ws_moveit/devel/.private/arm_control/share/common-lisp/ros/arm_control/srv/SolveIKPose.lisp, /home/ubuntupc/ws_moveit/devel/share/common-lisp/ros/arm_control/srv/SolveIKPose.lisp)
Linked: (/home/ubuntupc/ws_moveit/devel/.private/arm_control/share/common-lisp/ros/arm_control/srv/SolveFKPose.lisp, /home/ubuntupc/ws_moveit/devel/share/common-lisp/ros/arm_control/srv/SolveFKPose.lisp)
Linked: (/home/ubuntupc/ws_moveit/devel/.private/arm_control/share/common-lisp/ros/arm_control/msg/SetPoseActionResult.lisp, /home/ubuntupc/ws_moveit/devel/share/common-lisp/ros/arm_control/msg/SetPoseActionResult.lisp)
Linked: (/home/ubuntupc/ws_moveit/devel/.private/arm_control/share/common-lisp/ros/arm_control/msg/SetJointActionFeedback.lisp, /home/ubuntupc/ws_moveit/devel/share/common-lisp/ros/arm_control/msg/SetJointActionFeedback.lisp)
Linked: (/home/ubuntupc/ws_moveit/devel/.private/arm_control/share/common-lisp/ros/arm_control/msg/SetJointActionGoal.lisp, /home/ubuntupc/ws_moveit/devel/share/common-lisp/ros/arm_control/msg/SetJointActionGoal.lisp)
Linked: (/home/ubuntupc/ws_moveit/devel/.private/arm_control/share/common-lisp/ros/arm_control/msg/_package_SetJointActionGoal.lisp, /home/ubuntupc/ws_moveit/devel/share/common-lisp/ros/arm_control/msg/_package_SetJointActionGoal.lisp)
Linked: (/home/ubuntupc/ws_moveit/devel/.private/arm_control/share/common-lisp/ros/arm_control/msg/_package_SetPoseFeedback.lisp, /home/ubuntupc/ws_moveit/devel/share/common-lisp/ros/arm_control/msg/_package_SetPoseFeedback.lisp)
Linked: (/home/ubuntupc/ws_moveit/devel/.private/arm_control/share/common-lisp/ros/arm_control/msg/_package_SetPoseAction.lisp, /home/ubuntupc/ws_moveit/devel/share/common-lisp/ros/arm_control/msg/_package_SetPoseAction.lisp)
Linked: (/home/ubuntupc/ws_moveit/devel/.private/arm_control/share/common-lisp/ros/arm_control/msg/_package_SetJointActionResult.lisp, /home/ubuntupc/ws_moveit/devel/share/common-lisp/ros/arm_control/msg/_package_SetJointActionResult.lisp)
Linked: (/home/ubuntupc/ws_moveit/devel/.private/arm_control/share/common-lisp/ros/arm_control/msg/SetJointGoal.lisp, /home/ubuntupc/ws_moveit/devel/share/common-lisp/ros/arm_control/msg/SetJointGoal.lisp)
Linked: (/home/ubuntupc/ws_moveit/devel/.private/arm_control/share/common-lisp/ros/arm_control/msg/_package_SetJointAction.lisp, /home/ubuntupc/ws_moveit/devel/share/common-lisp/ros/arm_control/msg/_package_SetJointAction.lisp)
Linked: (/home/ubuntupc/ws_moveit/devel/.private/arm_control/share/common-lisp/ros/arm_control/msg/SetJointResult.lisp, /home/ubuntupc/ws_moveit/devel/share/common-lisp/ros/arm_control/msg/SetJointResult.lisp)
Linked: (/home/ubuntupc/ws_moveit/devel/.private/arm_control/share/common-lisp/ros/arm_control/msg/SetJointAction.lisp, /home/ubuntupc/ws_moveit/devel/share/common-lisp/ros/arm_control/msg/SetJointAction.lisp)
Linked: (/home/ubuntupc/ws_moveit/devel/.private/arm_control/share/common-lisp/ros/arm_control/msg/_package_Pose.lisp, /home/ubuntupc/ws_moveit/devel/share/common-lisp/ros/arm_control/msg/_package_Pose.lisp)
Linked: (/home/ubuntupc/ws_moveit/devel/.private/arm_control/share/common-lisp/ros/arm_control/msg/SetPoseResult.lisp, /home/ubuntupc/ws_moveit/devel/share/common-lisp/ros/arm_control/msg/SetPoseResult.lisp)
Linked: (/home/ubuntupc/ws_moveit/devel/.private/arm_control/share/common-lisp/ros/arm_control/msg/SetJointFeedback.lisp, /home/ubuntupc/ws_moveit/devel/share/common-lisp/ros/arm_control/msg/SetJointFeedback.lisp)
Linked: (/home/ubuntupc/ws_moveit/devel/.private/arm_control/share/common-lisp/ros/arm_control/msg/_package_SetPoseResult.lisp, /home/ubuntupc/ws_moveit/devel/share/common-lisp/ros/arm_control/msg/_package_SetPoseResult.lisp)
Linked: (/home/ubuntupc/ws_moveit/devel/.private/arm_control/share/common-lisp/ros/arm_control/msg/_package_SetPoseActionResult.lisp, /home/ubuntupc/ws_moveit/devel/share/common-lisp/ros/arm_control/msg/_package_SetPoseActionResult.lisp)
Linked: (/home/ubuntupc/ws_moveit/devel/.private/arm_control/share/common-lisp/ros/arm_control/msg/_package.lisp, /home/ubuntupc/ws_moveit/devel/share/common-lisp/ros/arm_control/msg/_package.lisp)
Linked: (/home/ubuntupc/ws_moveit/devel/.private/arm_control/share/common-lisp/ros/arm_control/msg/SetPoseFeedback.lisp, /home/ubuntupc/ws_moveit/devel/share/common-lisp/ros/arm_control/msg/SetPoseFeedback.lisp)
Linked: (/home/ubuntupc/ws_moveit/devel/.private/arm_control/share/common-lisp/ros/arm_control/msg/SetPoseGoal.lisp, /home/ubuntupc/ws_moveit/devel/share/common-lisp/ros/arm_control/msg/SetPoseGoal.lisp)
Linked: (/home/ubuntupc/ws_moveit/devel/.private/arm_control/share/common-lisp/ros/arm_control/msg/_package_SetJointActionFeedback.lisp, /home/ubuntupc/ws_moveit/devel/share/common-lisp/ros/arm_control/msg/_package_SetJointActionFeedback.lisp)
Linked: (/home/ubuntupc/ws_moveit/devel/.private/arm_control/share/common-lisp/ros/arm_control/msg/SetJointActionResult.lisp, /home/ubuntupc/ws_moveit/devel/share/common-lisp/ros/arm_control/msg/SetJointActionResult.lisp)
Linked: (/home/ubuntupc/ws_moveit/devel/.private/arm_control/share/common-lisp/ros/arm_control/msg/_package_SetJointGoal.lisp, /home/ubuntupc/ws_moveit/devel/share/common-lisp/ros/arm_control/msg/_package_SetJointGoal.lisp)
Linked: (/home/ubuntupc/ws_moveit/devel/.private/arm_control/share/common-lisp/ros/arm_control/msg/_package_SetPoseActionGoal.lisp, /home/ubuntupc/ws_moveit/devel/share/common-lisp/ros/arm_control/msg/_package_SetPoseActionGoal.lisp)
Linked: (/home/ubuntupc/ws_moveit/devel/.private/arm_control/share/common-lisp/ros/arm_control/msg/_package_SetJointFeedback.lisp, /home/ubuntupc/ws_moveit/devel/share/common-lisp/ros/arm_control/msg/_package_SetJointFeedback.lisp)
Linked: (/home/ubuntupc/ws_moveit/devel/.private/arm_control/share/common-lisp/ros/arm_control/msg/SetPoseActionFeedback.lisp, /home/ubuntupc/ws_moveit/devel/share/common-lisp/ros/arm_control/msg/SetPoseActionFeedback.lisp)
Linked: (/home/ubuntupc/ws_moveit/devel/.private/arm_control/share/common-lisp/ros/arm_control/msg/SetPoseAction.lisp, /home/ubuntupc/ws_moveit/devel/share/common-lisp/ros/arm_control/msg/SetPoseAction.lisp)
Linked: (/home/ubuntupc/ws_moveit/devel/.private/arm_control/share/common-lisp/ros/arm_control/msg/Pose.lisp, /home/ubuntupc/ws_moveit/devel/share/common-lisp/ros/arm_control/msg/Pose.lisp)
Linked: (/home/ubuntupc/ws_moveit/devel/.private/arm_control/share/common-lisp/ros/arm_control/msg/_package_SetPoseActionFeedback.lisp, /home/ubuntupc/ws_moveit/devel/share/common-lisp/ros/arm_control/msg/_package_SetPoseActionFeedback.lisp)
Linked: (/home/ubuntupc/ws_moveit/devel/.private/arm_control/share/common-lisp/ros/arm_control/msg/SetPoseActionGoal.lisp, /home/ubuntupc/ws_moveit/devel/share/common-lisp/ros/arm_control/msg/SetPoseActionGoal.lisp)
Linked: (/home/ubuntupc/ws_moveit/devel/.private/arm_control/share/common-lisp/ros/arm_control/msg/arm_control-msg.asd, /home/ubuntupc/ws_moveit/devel/share/common-lisp/ros/arm_control/msg/arm_control-msg.asd)
Linked: (/home/ubuntupc/ws_moveit/devel/.private/arm_control/share/common-lisp/ros/arm_control/msg/_package_SetJointResult.lisp, /home/ubuntupc/ws_moveit/devel/share/common-lisp/ros/arm_control/msg/_package_SetJointResult.lisp)
Linked: (/home/ubuntupc/ws_moveit/devel/.private/arm_control/share/common-lisp/ros/arm_control/msg/_package_SetPoseGoal.lisp, /home/ubuntupc/ws_moveit/devel/share/common-lisp/ros/arm_control/msg/_package_SetPoseGoal.lisp)
Linked: (/home/ubuntupc/ws_moveit/devel/.private/arm_control/share/gennodejs/ros/arm_control/_index.js, /home/ubuntupc/ws_moveit/devel/share/gennodejs/ros/arm_control/_index.js)
Linked: (/home/ubuntupc/ws_moveit/devel/.private/arm_control/share/gennodejs/ros/arm_control/srv/_index.js, /home/ubuntupc/ws_moveit/devel/share/gennodejs/ros/arm_control/srv/_index.js)
Linked: (/home/ubuntupc/ws_moveit/devel/.private/arm_control/share/gennodejs/ros/arm_control/srv/SolveIKPose.js, /home/ubuntupc/ws_moveit/devel/share/gennodejs/ros/arm_control/srv/SolveIKPose.js)
Linked: (/home/ubuntupc/ws_moveit/devel/.private/arm_control/share/gennodejs/ros/arm_control/srv/SolveFKPose.js, /home/ubuntupc/ws_moveit/devel/share/gennodejs/ros/arm_control/srv/SolveFKPose.js)
Linked: (/home/ubuntupc/ws_moveit/devel/.private/arm_control/share/gennodejs/ros/arm_control/msg/SetPoseActionGoal.js, /home/ubuntupc/ws_moveit/devel/share/gennodejs/ros/arm_control/msg/SetPoseActionGoal.js)
Linked: (/home/ubuntupc/ws_moveit/devel/.private/arm_control/share/gennodejs/ros/arm_control/msg/Pose.js, /home/ubuntupc/ws_moveit/devel/share/gennodejs/ros/arm_control/msg/Pose.js)
Linked: (/home/ubuntupc/ws_moveit/devel/.private/arm_control/share/gennodejs/ros/arm_control/msg/_index.js, /home/ubuntupc/ws_moveit/devel/share/gennodejs/ros/arm_control/msg/_index.js)
Linked: (/home/ubuntupc/ws_moveit/devel/.private/arm_control/share/gennodejs/ros/arm_control/msg/SetPoseActionResult.js, /home/ubuntupc/ws_moveit/devel/share/gennodejs/ros/arm_control/msg/SetPoseActionResult.js)
Linked: (/home/ubuntupc/ws_moveit/devel/.private/arm_control/share/gennodejs/ros/arm_control/msg/SetJointAction.js, /home/ubuntupc/ws_moveit/devel/share/gennodejs/ros/arm_control/msg/SetJointAction.js)
Linked: (/home/ubuntupc/ws_moveit/devel/.private/arm_control/share/gennodejs/ros/arm_control/msg/SetJointActionResult.js, /home/ubuntupc/ws_moveit/devel/share/gennodejs/ros/arm_control/msg/SetJointActionResult.js)
Linked: (/home/ubuntupc/ws_moveit/devel/.private/arm_control/share/gennodejs/ros/arm_control/msg/SetPoseActionFeedback.js, /home/ubuntupc/ws_moveit/devel/share/gennodejs/ros/arm_control/msg/SetPoseActionFeedback.js)
Linked: (/home/ubuntupc/ws_moveit/devel/.private/arm_control/share/gennodejs/ros/arm_control/msg/SetPoseAction.js, /home/ubuntupc/ws_moveit/devel/share/gennodejs/ros/arm_control/msg/SetPoseAction.js)
Linked: (/home/ubuntupc/ws_moveit/devel/.private/arm_control/share/gennodejs/ros/arm_control/msg/SetJointFeedback.js, /home/ubuntupc/ws_moveit/devel/share/gennodejs/ros/arm_control/msg/SetJointFeedback.js)
Linked: (/home/ubuntupc/ws_moveit/devel/.private/arm_control/share/gennodejs/ros/arm_control/msg/SetJointActionGoal.js, /home/ubuntupc/ws_moveit/devel/share/gennodejs/ros/arm_control/msg/SetJointActionGoal.js)
Linked: (/home/ubuntupc/ws_moveit/devel/.private/arm_control/share/gennodejs/ros/arm_control/msg/SetJointGoal.js, /home/ubuntupc/ws_moveit/devel/share/gennodejs/ros/arm_control/msg/SetJointGoal.js)
Linked: (/home/ubuntupc/ws_moveit/devel/.private/arm_control/share/gennodejs/ros/arm_control/msg/SetPoseResult.js, /home/ubuntupc/ws_moveit/devel/share/gennodejs/ros/arm_control/msg/SetPoseResult.js)
Linked: (/home/ubuntupc/ws_moveit/devel/.private/arm_control/share/gennodejs/ros/arm_control/msg/SetPoseFeedback.js, /home/ubuntupc/ws_moveit/devel/share/gennodejs/ros/arm_control/msg/SetPoseFeedback.js)
Linked: (/home/ubuntupc/ws_moveit/devel/.private/arm_control/share/gennodejs/ros/arm_control/msg/SetJointActionFeedback.js, /home/ubuntupc/ws_moveit/devel/share/gennodejs/ros/arm_control/msg/SetJointActionFeedback.js)
Linked: (/home/ubuntupc/ws_moveit/devel/.private/arm_control/share/gennodejs/ros/arm_control/msg/SetPoseGoal.js, /home/ubuntupc/ws_moveit/devel/share/gennodejs/ros/arm_control/msg/SetPoseGoal.js)
Linked: (/home/ubuntupc/ws_moveit/devel/.private/arm_control/share/gennodejs/ros/arm_control/msg/SetJointResult.js, /home/ubuntupc/ws_moveit/devel/share/gennodejs/ros/arm_control/msg/SetJointResult.js)
Linked: (/home/ubuntupc/ws_moveit/devel/.private/arm_control/share/arm_control/cmake/arm_controlConfig.cmake, /home/ubuntupc/ws_moveit/devel/share/arm_control/cmake/arm_controlConfig.cmake)
Linked: (/home/ubuntupc/ws_moveit/devel/.private/arm_control/share/arm_control/cmake/arm_control-msg-extras.cmake, /home/ubuntupc/ws_moveit/devel/share/arm_control/cmake/arm_control-msg-extras.cmake)
Linked: (/home/ubuntupc/ws_moveit/devel/.private/arm_control/share/arm_control/cmake/arm_controlConfig-version.cmake, /home/ubuntupc/ws_moveit/devel/share/arm_control/cmake/arm_controlConfig-version.cmake)
Linked: (/home/ubuntupc/ws_moveit/devel/.private/arm_control/share/arm_control/cmake/arm_control-msg-paths.cmake, /home/ubuntupc/ws_moveit/devel/share/arm_control/cmake/arm_control-msg-paths.cmake)
Linked: (/home/ubuntupc/ws_moveit/devel/.private/arm_control/share/arm_control/msg/SetJointGoal.msg, /home/ubuntupc/ws_moveit/devel/share/arm_control/msg/SetJointGoal.msg)
Linked: (/home/ubuntupc/ws_moveit/devel/.private/arm_control/share/arm_control/msg/SetPoseActionFeedback.msg, /home/ubuntupc/ws_moveit/devel/share/arm_control/msg/SetPoseActionFeedback.msg)
Linked: (/home/ubuntupc/ws_moveit/devel/.private/arm_control/share/arm_control/msg/SetPoseGoal.msg, /home/ubuntupc/ws_moveit/devel/share/arm_control/msg/SetPoseGoal.msg)
Linked: (/home/ubuntupc/ws_moveit/devel/.private/arm_control/share/arm_control/msg/SetPoseFeedback.msg, /home/ubuntupc/ws_moveit/devel/share/arm_control/msg/SetPoseFeedback.msg)
Linked: (/home/ubuntupc/ws_moveit/devel/.private/arm_control/share/arm_control/msg/SetJointResult.msg, /home/ubuntupc/ws_moveit/devel/share/arm_control/msg/SetJointResult.msg)
Linked: (/home/ubuntupc/ws_moveit/devel/.private/arm_control/share/arm_control/msg/SetPoseActionResult.msg, /home/ubuntupc/ws_moveit/devel/share/arm_control/msg/SetPoseActionResult.msg)
Linked: (/home/ubuntupc/ws_moveit/devel/.private/arm_control/share/arm_control/msg/SetPoseAction.msg, /home/ubuntupc/ws_moveit/devel/share/arm_control/msg/SetPoseAction.msg)
Linked: (/home/ubuntupc/ws_moveit/devel/.private/arm_control/share/arm_control/msg/SetPoseActionGoal.msg, /home/ubuntupc/ws_moveit/devel/share/arm_control/msg/SetPoseActionGoal.msg)
Linked: (/home/ubuntupc/ws_moveit/devel/.private/arm_control/share/arm_control/msg/SetJointActionFeedback.msg, /home/ubuntupc/ws_moveit/devel/share/arm_control/msg/SetJointActionFeedback.msg)
Linked: (/home/ubuntupc/ws_moveit/devel/.private/arm_control/share/arm_control/msg/SetJointFeedback.msg, /home/ubuntupc/ws_moveit/devel/share/arm_control/msg/SetJointFeedback.msg)
Linked: (/home/ubuntupc/ws_moveit/devel/.private/arm_control/share/arm_control/msg/SetJointAction.msg, /home/ubuntupc/ws_moveit/devel/share/arm_control/msg/SetJointAction.msg)
Linked: (/home/ubuntupc/ws_moveit/devel/.private/arm_control/share/arm_control/msg/SetJointActionResult.msg, /home/ubuntupc/ws_moveit/devel/share/arm_control/msg/SetJointActionResult.msg)
Linked: (/home/ubuntupc/ws_moveit/devel/.private/arm_control/share/arm_control/msg/SetJointActionGoal.msg, /home/ubuntupc/ws_moveit/devel/share/arm_control/msg/SetJointActionGoal.msg)
Linked: (/home/ubuntupc/ws_moveit/devel/.private/arm_control/share/arm_control/msg/SetPoseResult.msg, /home/ubuntupc/ws_moveit/devel/share/arm_control/msg/SetPoseResult.msg)
Linked: (/home/ubuntupc/ws_moveit/devel/.private/arm_control/share/roseus/ros/arm_control/manifest.l, /home/ubuntupc/ws_moveit/devel/share/roseus/ros/arm_control/manifest.l)
Linked: (/home/ubuntupc/ws_moveit/devel/.private/arm_control/share/roseus/ros/arm_control/srv/SolveFKPose.l, /home/ubuntupc/ws_moveit/devel/share/roseus/ros/arm_control/srv/SolveFKPose.l)
Linked: (/home/ubuntupc/ws_moveit/devel/.private/arm_control/share/roseus/ros/arm_control/srv/SolveIKPose.l, /home/ubuntupc/ws_moveit/devel/share/roseus/ros/arm_control/srv/SolveIKPose.l)
Linked: (/home/ubuntupc/ws_moveit/devel/.private/arm_control/share/roseus/ros/arm_control/msg/SetPoseActionGoal.l, /home/ubuntupc/ws_moveit/devel/share/roseus/ros/arm_control/msg/SetPoseActionGoal.l)
Linked: (/home/ubuntupc/ws_moveit/devel/.private/arm_control/share/roseus/ros/arm_control/msg/SetPoseAction.l, /home/ubuntupc/ws_moveit/devel/share/roseus/ros/arm_control/msg/SetPoseAction.l)
Linked: (/home/ubuntupc/ws_moveit/devel/.private/arm_control/share/roseus/ros/arm_control/msg/SetPoseActionResult.l, /home/ubuntupc/ws_moveit/devel/share/roseus/ros/arm_control/msg/SetPoseActionResult.l)
Linked: (/home/ubuntupc/ws_moveit/devel/.private/arm_control/share/roseus/ros/arm_control/msg/SetJointActionGoal.l, /home/ubuntupc/ws_moveit/devel/share/roseus/ros/arm_control/msg/SetJointActionGoal.l)
Linked: (/home/ubuntupc/ws_moveit/devel/.private/arm_control/share/roseus/ros/arm_control/msg/SetJointActionFeedback.l, /home/ubuntupc/ws_moveit/devel/share/roseus/ros/arm_control/msg/SetJointActionFeedback.l)
Linked: (/home/ubuntupc/ws_moveit/devel/.private/arm_control/share/roseus/ros/arm_control/msg/SetJointFeedback.l, /home/ubuntupc/ws_moveit/devel/share/roseus/ros/arm_control/msg/SetJointFeedback.l)
Linked: (/home/ubuntupc/ws_moveit/devel/.private/arm_control/share/roseus/ros/arm_control/msg/SetJointGoal.l, /home/ubuntupc/ws_moveit/devel/share/roseus/ros/arm_control/msg/SetJointGoal.l)
Linked: (/home/ubuntupc/ws_moveit/devel/.private/arm_control/share/roseus/ros/arm_control/msg/SetPoseResult.l, /home/ubuntupc/ws_moveit/devel/share/roseus/ros/arm_control/msg/SetPoseResult.l)
Linked: (/home/ubuntupc/ws_moveit/devel/.private/arm_control/share/roseus/ros/arm_control/msg/Pose.l, /home/ubuntupc/ws_moveit/devel/share/roseus/ros/arm_control/msg/Pose.l)
Linked: (/home/ubuntupc/ws_moveit/devel/.private/arm_control/share/roseus/ros/arm_control/msg/SetPoseFeedback.l, /home/ubuntupc/ws_moveit/devel/share/roseus/ros/arm_control/msg/SetPoseFeedback.l)
Linked: (/home/ubuntupc/ws_moveit/devel/.private/arm_control/share/roseus/ros/arm_control/msg/SetJointResult.l, /home/ubuntupc/ws_moveit/devel/share/roseus/ros/arm_control/msg/SetJointResult.l)
Linked: (/home/ubuntupc/ws_moveit/devel/.private/arm_control/share/roseus/ros/arm_control/msg/SetJointActionResult.l, /home/ubuntupc/ws_moveit/devel/share/roseus/ros/arm_control/msg/SetJointActionResult.l)
Linked: (/home/ubuntupc/ws_moveit/devel/.private/arm_control/share/roseus/ros/arm_control/msg/SetPoseGoal.l, /home/ubuntupc/ws_moveit/devel/share/roseus/ros/arm_control/msg/SetPoseGoal.l)
Linked: (/home/ubuntupc/ws_moveit/devel/.private/arm_control/share/roseus/ros/arm_control/msg/SetJointAction.l, /home/ubuntupc/ws_moveit/devel/share/roseus/ros/arm_control/msg/SetJointAction.l)
Linked: (/home/ubuntupc/ws_moveit/devel/.private/arm_control/share/roseus/ros/arm_control/msg/SetPoseActionFeedback.l, /home/ubuntupc/ws_moveit/devel/share/roseus/ros/arm_control/msg/SetPoseActionFeedback.l)
Linked: (/home/ubuntupc/ws_moveit/devel/.private/arm_control/lib/pkgconfig/arm_control.pc, /home/ubuntupc/ws_moveit/devel/lib/pkgconfig/arm_control.pc)
Linked: (/home/ubuntupc/ws_moveit/devel/.private/arm_control/lib/python3/dist-packages/arm_control/__init__.py, /home/ubuntupc/ws_moveit/devel/lib/python3/dist-packages/arm_control/__init__.py)
Linked: (/home/ubuntupc/ws_moveit/devel/.private/arm_control/lib/python3/dist-packages/arm_control/srv/_SolveFKPose.py, /home/ubuntupc/ws_moveit/devel/lib/python3/dist-packages/arm_control/srv/_SolveFKPose.py)
Linked: (/home/ubuntupc/ws_moveit/devel/.private/arm_control/lib/python3/dist-packages/arm_control/srv/__init__.py, /home/ubuntupc/ws_moveit/devel/lib/python3/dist-packages/arm_control/srv/__init__.py)
Linked: (/home/ubuntupc/ws_moveit/devel/.private/arm_control/lib/python3/dist-packages/arm_control/srv/_SolveIKPose.py, /home/ubuntupc/ws_moveit/devel/lib/python3/dist-packages/arm_control/srv/_SolveIKPose.py)
Linked: (/home/ubuntupc/ws_moveit/devel/.private/arm_control/lib/python3/dist-packages/arm_control/msg/_SetJointResult.py, /home/ubuntupc/ws_moveit/devel/lib/python3/dist-packages/arm_control/msg/_SetJointResult.py)
Linked: (/home/ubuntupc/ws_moveit/devel/.private/arm_control/lib/python3/dist-packages/arm_control/msg/_SetPoseActionFeedback.py, /home/ubuntupc/ws_moveit/devel/lib/python3/dist-packages/arm_control/msg/_SetPoseActionFeedback.py)
Linked: (/home/ubuntupc/ws_moveit/devel/.private/arm_control/lib/python3/dist-packages/arm_control/msg/__init__.py, /home/ubuntupc/ws_moveit/devel/lib/python3/dist-packages/arm_control/msg/__init__.py)
Linked: (/home/ubuntupc/ws_moveit/devel/.private/arm_control/lib/python3/dist-packages/arm_control/msg/_SetPoseAction.py, /home/ubuntupc/ws_moveit/devel/lib/python3/dist-packages/arm_control/msg/_SetPoseAction.py)
Linked: (/home/ubuntupc/ws_moveit/devel/.private/arm_control/lib/python3/dist-packages/arm_control/msg/_SetJointActionGoal.py, /home/ubuntupc/ws_moveit/devel/lib/python3/dist-packages/arm_control/msg/_SetJointActionGoal.py)
Linked: (/home/ubuntupc/ws_moveit/devel/.private/arm_control/lib/python3/dist-packages/arm_control/msg/_SetPoseFeedback.py, /home/ubuntupc/ws_moveit/devel/lib/python3/dist-packages/arm_control/msg/_SetPoseFeedback.py)
Linked: (/home/ubuntupc/ws_moveit/devel/.private/arm_control/lib/python3/dist-packages/arm_control/msg/_SetPoseResult.py, /home/ubuntupc/ws_moveit/devel/lib/python3/dist-packages/arm_control/msg/_SetPoseResult.py)
Linked: (/home/ubuntupc/ws_moveit/devel/.private/arm_control/lib/python3/dist-packages/arm_control/msg/_SetJointFeedback.py, /home/ubuntupc/ws_moveit/devel/lib/python3/dist-packages/arm_control/msg/_SetJointFeedback.py)
Linked: (/home/ubuntupc/ws_moveit/devel/.private/arm_control/lib/python3/dist-packages/arm_control/msg/_Pose.py, /home/ubuntupc/ws_moveit/devel/lib/python3/dist-packages/arm_control/msg/_Pose.py)
Linked: (/home/ubuntupc/ws_moveit/devel/.private/arm_control/lib/python3/dist-packages/arm_control/msg/_SetJointActionResult.py, /home/ubuntupc/ws_moveit/devel/lib/python3/dist-packages/arm_control/msg/_SetJointActionResult.py)
Linked: (/home/ubuntupc/ws_moveit/devel/.private/arm_control/lib/python3/dist-packages/arm_control/msg/_SetJointAction.py, /home/ubuntupc/ws_moveit/devel/lib/python3/dist-packages/arm_control/msg/_SetJointAction.py)
Linked: (/home/ubuntupc/ws_moveit/devel/.private/arm_control/lib/python3/dist-packages/arm_control/msg/_SetJointActionFeedback.py, /home/ubuntupc/ws_moveit/devel/lib/python3/dist-packages/arm_control/msg/_SetJointActionFeedback.py)
Linked: (/home/ubuntupc/ws_moveit/devel/.private/arm_control/lib/python3/dist-packages/arm_control/msg/_SetJointGoal.py, /home/ubuntupc/ws_moveit/devel/lib/python3/dist-packages/arm_control/msg/_SetJointGoal.py)
Linked: (/home/ubuntupc/ws_moveit/devel/.private/arm_control/lib/python3/dist-packages/arm_control/msg/_SetPoseActionGoal.py, /home/ubuntupc/ws_moveit/devel/lib/python3/dist-packages/arm_control/msg/_SetPoseActionGoal.py)
Linked: (/home/ubuntupc/ws_moveit/devel/.private/arm_control/lib/python3/dist-packages/arm_control/msg/_SetPoseActionResult.py, /home/ubuntupc/ws_moveit/devel/lib/python3/dist-packages/arm_control/msg/_SetPoseActionResult.py)
Linked: (/home/ubuntupc/ws_moveit/devel/.private/arm_control/lib/python3/dist-packages/arm_control/msg/_SetPoseGoal.py, /home/ubuntupc/ws_moveit/devel/lib/python3/dist-packages/arm_control/msg/_SetPoseGoal.py)
Linked: (/home/ubuntupc/ws_moveit/devel/.private/arm_control/lib/arm_control/pose_action_server, /home/ubuntupc/ws_moveit/devel/lib/arm_control/pose_action_server)
Linked: (/home/ubuntupc/ws_moveit/devel/.private/arm_control/lib/arm_control/ik_solver, /home/ubuntupc/ws_moveit/devel/lib/arm_control/ik_solver)
Linked: (/home/ubuntupc/ws_moveit/devel/.private/arm_control/lib/arm_control/joint_action_server, /home/ubuntupc/ws_moveit/devel/lib/arm_control/joint_action_server)
Linked: (/home/ubuntupc/ws_moveit/devel/.private/arm_control/lib/arm_control/move_circle, /home/ubuntupc/ws_moveit/devel/lib/arm_control/move_circle)
Linked: (/home/ubuntupc/ws_moveit/devel/.private/arm_control/include/arm_control/SetJointFeedback.h, /home/ubuntupc/ws_moveit/devel/include/arm_control/SetJointFeedback.h)
Linked: (/home/ubuntupc/ws_moveit/devel/.private/arm_control/include/arm_control/SetPoseActionGoal.h, /home/ubuntupc/ws_moveit/devel/include/arm_control/SetPoseActionGoal.h)
Linked: (/home/ubuntupc/ws_moveit/devel/.private/arm_control/include/arm_control/SetPoseResult.h, /home/ubuntupc/ws_moveit/devel/include/arm_control/SetPoseResult.h)
Linked: (/home/ubuntupc/ws_moveit/devel/.private/arm_control/include/arm_control/SolveIKPoseResponse.h, /home/ubuntupc/ws_moveit/devel/include/arm_control/SolveIKPoseResponse.h)
Linked: (/home/ubuntupc/ws_moveit/devel/.private/arm_control/include/arm_control/SolveIKPose.h, /home/ubuntupc/ws_moveit/devel/include/arm_control/SolveIKPose.h)
Linked: (/home/ubuntupc/ws_moveit/devel/.private/arm_control/include/arm_control/SolveFKPose.h, /home/ubuntupc/ws_moveit/devel/include/arm_control/SolveFKPose.h)
Linked: (/home/ubuntupc/ws_moveit/devel/.private/arm_control/include/arm_control/SetPoseAction.h, /home/ubuntupc/ws_moveit/devel/include/arm_control/SetPoseAction.h)
Linked: (/home/ubuntupc/ws_moveit/devel/.private/arm_control/include/arm_control/SetPoseActionResult.h, /home/ubuntupc/ws_moveit/devel/include/arm_control/SetPoseActionResult.h)
Linked: (/home/ubuntupc/ws_moveit/devel/.private/arm_control/include/arm_control/SetPoseActionFeedback.h, /home/ubuntupc/ws_moveit/devel/include/arm_control/SetPoseActionFeedback.h)
Linked: (/home/ubuntupc/ws_moveit/devel/.private/arm_control/include/arm_control/SetJointActionGoal.h, /home/ubuntupc/ws_moveit/devel/include/arm_control/SetJointActionGoal.h)
Linked: (/home/ubuntupc/ws_moveit/devel/.private/arm_control/include/arm_control/SetPoseFeedback.h, /home/ubuntupc/ws_moveit/devel/include/arm_control/SetPoseFeedback.h)
Linked: (/home/ubuntupc/ws_moveit/devel/.private/arm_control/include/arm_control/SetJointAction.h, /home/ubuntupc/ws_moveit/devel/include/arm_control/SetJointAction.h)
Linked: (/home/ubuntupc/ws_moveit/devel/.private/arm_control/include/arm_control/Pose.h, /home/ubuntupc/ws_moveit/devel/include/arm_control/Pose.h)
Linked: (/home/ubuntupc/ws_moveit/devel/.private/arm_control/include/arm_control/SolveFKPoseResponse.h, /home/ubuntupc/ws_moveit/devel/include/arm_control/SolveFKPoseResponse.h)
Linked: (/home/ubuntupc/ws_moveit/devel/.private/arm_control/include/arm_control/SetJointGoal.h, /home/ubuntupc/ws_moveit/devel/include/arm_control/SetJointGoal.h)
Linked: (/home/ubuntupc/ws_moveit/devel/.private/arm_control/include/arm_control/SolveFKPoseRequest.h, /home/ubuntupc/ws_moveit/devel/include/arm_control/SolveFKPoseRequest.h)
Linked: (/home/ubuntupc/ws_moveit/devel/.private/arm_control/include/arm_control/SolveIKPoseRequest.h, /home/ubuntupc/ws_moveit/devel/include/arm_control/SolveIKPoseRequest.h)
Linked: (/home/ubuntupc/ws_moveit/devel/.private/arm_control/include/arm_control/SetJointActionResult.h, /home/ubuntupc/ws_moveit/devel/include/arm_control/SetJointActionResult.h)
Linked: (/home/ubuntupc/ws_moveit/devel/.private/arm_control/include/arm_control/SetJointActionFeedback.h, /home/ubuntupc/ws_moveit/devel/include/arm_control/SetJointActionFeedback.h)
Linked: (/home/ubuntupc/ws_moveit/devel/.private/arm_control/include/arm_control/SetPoseGoal.h, /home/ubuntupc/ws_moveit/devel/include/arm_control/SetPoseGoal.h)
Linked: (/home/ubuntupc/ws_moveit/devel/.private/arm_control/include/arm_control/SetJointResult.h, /home/ubuntupc/ws_moveit/devel/include/arm_control/SetJointResult.h)
